<?xml version="1.0" encoding="UTF-8" ?>
<testsuite tests="1" failures="0" name="runner.TestRunner" time="9.736" errors="0" skipped="0">
  <properties>
    <property name="java.runtime.name" value="OpenJDK Runtime Environment"/>
    <property name="sun.boot.library.path" value="/Applications/Android Studio.app/Contents/jre/jdk/Contents/Home/jre/lib"/>
    <property name="java.vm.version" value="25.242-b3-6222593"/>
    <property name="gopherProxySet" value="false"/>
    <property name="java.vm.vendor" value="JetBrains s.r.o"/>
    <property name="maven.multiModuleProjectDirectory" value="/Users/ivan.cruz/eclipse-workspace/mobile"/>
    <property name="java.vendor.url" value="https://www.jetbrains.com/"/>
    <property name="path.separator" value=":"/>
    <property name="guice.disable.misplaced.annotation.check" value="true"/>
    <property name="java.vm.name" value="OpenJDK 64-Bit Server VM"/>
    <property name="file.encoding.pkg" value="sun.io"/>
    <property name="user.country" value="PE"/>
    <property name="sun.java.launcher" value="SUN_STANDARD"/>
    <property name="sun.os.patch.level" value="unknown"/>
    <property name="java.vm.specification.name" value="Java Virtual Machine Specification"/>
    <property name="user.dir" value="/Users/ivan.cruz/eclipse-workspace/mobile"/>
    <property name="java.runtime.version" value="1.8.0_242-release-1644-b3-6222593"/>
    <property name="java.awt.graphicsenv" value="sun.awt.CGraphicsEnvironment"/>
    <property name="java.endorsed.dirs" value="/Applications/Android Studio.app/Contents/jre/jdk/Contents/Home/jre/lib/endorsed"/>
    <property name="platformVersion" value="8.0"/>
    <property name="os.arch" value="x86_64"/>
    <property name="java.io.tmpdir" value="/var/folders/6p/cv113zjn40n4yl4jnlw4rfjm0000gq/T/"/>
    <property name="line.separator" value="
"/>
    <property name="java.vm.specification.vendor" value="Oracle Corporation"/>
    <property name="os.name" value="Mac OS X"/>
    <property name="classworlds.conf" value="/Users/ivan.cruz/apache-maven-3.6.3/bin/m2.conf"/>
    <property name="sun.jnu.encoding" value="UTF-8"/>
    <property name="java.library.path" value="/Users/ivan.cruz/Library/Java/Extensions:/Library/Java/Extensions:/Network/Library/Java/Extensions:/System/Library/Java/Extensions:/usr/lib/java:."/>
    <property name="maven.conf" value="/Users/ivan.cruz/apache-maven-3.6.3/conf"/>
    <property name="java.specification.name" value="Java Platform API Specification"/>
    <property name="java.class.version" value="52.0"/>
    <property name="platformName" value="Android"/>
    <property name="sun.management.compiler" value="HotSpot 64-Bit Tiered Compilers"/>
    <property name="os.version" value="10.15.3"/>
    <property name="http.nonProxyHosts" value="local|*.local|169.254/16|*.169.254/16"/>
    <property name="library.jansi.path" value="/Users/ivan.cruz/apache-maven-3.6.3/lib/jansi-native"/>
    <property name="user.home" value="/Users/ivan.cruz"/>
    <property name="user.timezone" value="America/Lima"/>
    <property name="java.awt.printerjob" value="sun.lwawt.macosx.CPrinterJob"/>
    <property name="java.specification.version" value="1.8"/>
    <property name="file.encoding" value="UTF-8"/>
    <property name="user.name" value="ivan.cruz"/>
    <property name="java.class.path" value="/Users/ivan.cruz/apache-maven-3.6.3/boot/plexus-classworlds-2.6.0.jar"/>
    <property name="java.vm.specification.version" value="1.8"/>
    <property name="sun.arch.data.model" value="64"/>
    <property name="java.home" value="/Applications/Android Studio.app/Contents/jre/jdk/Contents/Home/jre"/>
    <property name="sun.java.command" value="org.codehaus.plexus.classworlds.launcher.Launcher test -DplatformName=Android -DplatformVersion=8.0 -DdeviceName=H3R4C17802002504"/>
    <property name="java.specification.vendor" value="Oracle Corporation"/>
    <property name="user.language" value="en"/>
    <property name="awt.toolkit" value="sun.lwawt.macosx.LWCToolkit"/>
    <property name="java.vm.info" value="mixed mode"/>
    <property name="java.version" value="1.8.0_242-release"/>
    <property name="java.ext.dirs" value="/Users/ivan.cruz/Library/Java/Extensions:/Applications/Android Studio.app/Contents/jre/jdk/Contents/Home/jre/lib/ext:/Library/Java/Extensions:/Network/Library/Java/Extensions:/System/Library/Java/Extensions:/usr/lib/java"/>
    <property name="sun.boot.class.path" value="/Applications/Android Studio.app/Contents/jre/jdk/Contents/Home/jre/lib/resources.jar:/Applications/Android Studio.app/Contents/jre/jdk/Contents/Home/jre/lib/rt.jar:/Applications/Android Studio.app/Contents/jre/jdk/Contents/Home/jre/lib/sunrsasign.jar:/Applications/Android Studio.app/Contents/jre/jdk/Contents/Home/jre/lib/jsse.jar:/Applications/Android Studio.app/Contents/jre/jdk/Contents/Home/jre/lib/jce.jar:/Applications/Android Studio.app/Contents/jre/jdk/Contents/Home/jre/lib/charsets.jar:/Applications/Android Studio.app/Contents/jre/jdk/Contents/Home/jre/lib/jfr.jar:/Applications/Android Studio.app/Contents/jre/jdk/Contents/Home/jre/classes"/>
    <property name="java.vendor" value="JetBrains s.r.o"/>
    <property name="maven.home" value="/Users/ivan.cruz/apache-maven-3.6.3"/>
    <property name="file.separator" value="/"/>
    <property name="java.vendor.url.bug" value="https://youtrack.jetbrains.com"/>
    <property name="sun.cpu.endian" value="little"/>
    <property name="sun.io.unicode.encoding" value="UnicodeBig"/>
    <property name="deviceName" value="H3R4C17802002504"/>
    <property name="socksNonProxyHosts" value="local|*.local|169.254/16|*.169.254/16"/>
    <property name="ftp.nonProxyHosts" value="local|*.local|169.254/16|*.169.254/16"/>
    <property name="sun.cpu.isalist" value=""/>
  </properties>
  <testcase classname="Automatización Móvil VodQA" name="Mostrar primera carta de Carrusel" time="9.736"/>
</testsuite>